D:\PROJECTSVS\MAGISTERKA\CAPTURE\CAPTURE\X64\RELEASE\RECORDER.OBJ
D:\PROJECTSVS\MAGISTERKA\CAPTURE\CAPTURE\X64\RELEASE\CAPTURE.OBJ
D:\PROJECTSVS\MAGISTERKA\CAPTURE\CAPTURE\X64\RELEASE\RECORDERGMM.OBJ
D:\PROJECTSVS\MAGISTERKA\CAPTURE\CAPTURE\X64\RELEASE\CAPTURE.PCH
D:\PROJECTSVS\MAGISTERKA\CAPTURE\CAPTURE\X64\RELEASE\STDAFX.OBJ
D:\PROJECTSVS\MAGISTERKA\CAPTURE\CAPTURE\X64\RELEASE\VC110.PDB
D:\PROJECTSVS\MAGISTERKA\CAPTURE\CAPTURE\X64\RELEASE\RECORDERGMMTEST.OBJ
D:\PROJECTSVS\MAGISTERKA\CAPTURE\CAPTURE\X64\RELEASE\RECORDERRUNAVG.OBJ
D:\ProjectsVS\magisterka\Capture\Capture\x64\Release\Capture.obj
D:\ProjectsVS\magisterka\Capture\Capture\x64\Release\recorder.obj
D:\ProjectsVS\magisterka\Capture\Capture\x64\Release\recorderGMM.obj
D:\ProjectsVS\magisterka\Capture\Capture\x64\Release\RecorderGMMTest.obj
D:\ProjectsVS\magisterka\Capture\Capture\x64\Release\RecorderRunAvg.obj
D:\ProjectsVS\magisterka\Capture\Capture\x64\Release\stdafx.obj
D:\ProjectsVS\magisterka\Capture\Capture\x64\Release\cl.command.1.tlog
D:\ProjectsVS\magisterka\Capture\Capture\x64\Release\CL.read.1.tlog
D:\ProjectsVS\magisterka\Capture\Capture\x64\Release\CL.write.1.tlog
D:\ProjectsVS\magisterka\Capture\Capture\x64\Release\link-cvtres.read.1.tlog
D:\ProjectsVS\magisterka\Capture\Capture\x64\Release\link-cvtres.write.1.tlog
D:\ProjectsVS\magisterka\Capture\Capture\x64\Release\link-rc.read.1.tlog
D:\ProjectsVS\magisterka\Capture\Capture\x64\Release\link-rc.write.1.tlog
D:\ProjectsVS\magisterka\Capture\Capture\x64\Release\link.command.1.tlog
D:\ProjectsVS\magisterka\Capture\Capture\x64\Release\link.read.1.tlog
D:\ProjectsVS\magisterka\Capture\Capture\x64\Release\link.write.1.tlog
D:\ProjectsVS\magisterka\Capture\Capture\x64\Release\Capture.pch
D:\ProjectsVS\magisterka\Capture\Capture\x64\Release\vc110.pdb
D:\ProjectsVS\magisterka\Capture\x64\Release\Capture.pdb
